[11/06 22:41:27] [info] Initializing worker and caches
[11/06 22:41:27] [info] Enabled NPC manager with ProtocolLib
[11/06 22:41:27] [info] Registering integrations
[11/06 22:41:27] [info] Initializing tasks and listeners
[11/06 22:41:46] [info] Disabled integration for PlaceholderAPI
[11/06 22:41:46] [info] Disabled integration for MythicMobs
[11/06 22:41:46] [info] Disabled integration for Citizens
[12/06 21:34:20] [info] Initializing worker and caches
[12/06 21:34:20] [info] Enabled NPC manager with ProtocolLib
[12/06 21:34:20] [info] Registering integrations
[12/06 21:34:20] [info] Initializing tasks and listeners
[12/06 21:35:39] [info] Disabled integration for PlaceholderAPI
[12/06 21:35:39] [info] Disabled integration for MythicMobs
[12/06 21:35:39] [info] Disabled integration for Citizens
[12/06 21:37:02] [info] Initializing worker and caches
[12/06 21:37:02] [info] Enabled NPC manager with ProtocolLib
[12/06 21:37:02] [info] Registering integrations
[12/06 21:37:02] [info] Initializing tasks and listeners
[12/06 21:37:50] [info] Disabled integration for PlaceholderAPI
[12/06 21:37:50] [info] Disabled integration for MythicMobs
[12/06 21:37:50] [info] Disabled integration for Citizens
[25/06 00:34:08] [info] Initializing worker and caches
[25/06 00:34:08] [info] Enabled NPC manager with ProtocolLib
[25/06 00:34:08] [info] Registering integrations
[25/06 00:34:08] [info] Initializing tasks and listeners
[25/06 00:36:49] [info] Disabled integration for PlaceholderAPI
[25/06 00:36:49] [info] Disabled integration for MythicMobs
[25/06 00:36:49] [info] Disabled integration for Citizens
[27/06 12:43:26] [info] Initializing worker and caches
[27/06 12:43:26] [info] Enabled NPC manager with ProtocolLib
[27/06 12:43:26] [info] Registering integrations
[27/06 12:43:26] [info] Initializing tasks and listeners
[27/06 12:46:42] [info] Disabled integration for PlaceholderAPI
[27/06 12:46:42] [info] Disabled integration for MythicMobs
[27/06 12:46:42] [info] Disabled integration for Citizens
[27/06 12:48:23] [info] Initializing worker and caches
[27/06 12:48:23] [info] Enabled NPC manager with ProtocolLib
[27/06 12:48:23] [info] Registering integrations
[27/06 12:48:23] [info] Initializing tasks and listeners
[27/06 12:48:44] [info] Disabled integration for PlaceholderAPI
[27/06 12:48:44] [info] Disabled integration for MythicMobs
[27/06 12:48:44] [info] Disabled integration for Citizens
